<?xml version="1.0" encoding="UTF-8"?>
<!-- Generated by org.testng.reporters.JUnitReportReporter -->
<testsuite hostname="Lenovo" failures="0" tests="1" name="AssignmentTest.Assigment1Test" time="0.093" errors="0" timestamp="2023-11-20T21:04:56 IST" skipped="0">
  <testcase classname="AssignmentTest.Assigment1Test" name="testoccurance" time="0.093"/>
</testsuite> <!-- AssignmentTest.Assigment1Test -->
